{"level":"info","message":"Server Info: ","timestamp":"2024-01-01 22:37:01"}
{"level":"info","message":"Server online!","timestamp":"2024-01-01 22:59:07"}
{"level":"info","message":"Server online!","timestamp":"2024-01-01 23:02:52"}
{"level":"info","message":"Server online!","timestamp":"2024-01-01 23:07:04"}
{"level":"info","message":"Server online!","timestamp":"2024-01-01 23:07:33"}
{"level":"info","message":"Server online!","timestamp":"2024-01-01 23:09:46"}
{"level":"info","message":"Server online!","timestamp":"2024-01-01 23:11:16"}
{"level":"info","message":"Server online!","timestamp":"2024-01-01 23:13:57"}
{"level":"info","message":"Server online!","timestamp":"2024-01-01 23:15:28"}
{"level":"info","message":"Server online!","timestamp":"2024-01-01 23:26:12"}
{"level":"info","message":"Server online!","timestamp":"2024-01-02 00:14:04"}
{"level":"info","message":"[HTTP]: Client hit endpoint:  \"/\"","timestamp":"2024-01-02 00:14:06"}
{"level":"info","message":"Server online!","timestamp":"2024-01-02 00:15:50"}
{"level":"info","message":"[HTTP]: Client hit endpoint:  \"/\"","timestamp":"2024-01-02 00:15:51"}
{"level":"info","message":"Server online!","timestamp":"2024-01-02 00:16:23"}
{"level":"info","message":"[HTTP]: Client hit endpoint:  \"/\"","timestamp":"2024-01-02 00:16:31"}
{"level":"info","message":"Server online!","timestamp":"2024-01-02 00:19:19"}
{"level":"info","message":"[HTTP]: Client hit endpoint:  \"/\"","timestamp":"2024-01-02 00:19:22"}
{"level":"info","message":"Server online!","timestamp":"2024-01-02 00:23:42"}
{"level":"info","message":"[HTTP]: Client hit endpoint:  \"/\"","timestamp":"2024-01-02 00:23:44"}
{"level":"info","message":"Server online!","timestamp":"2024-01-02 00:28:17"}
{"level":"info","message":"[HTTP]: Client hit endpoint:  \"/\"","timestamp":"2024-01-02 00:28:18"}
{"level":"info","message":"[HTTP]: File uploaded as test.jpg! ","timestamp":"2024-01-02 00:28:23"}
{"level":"info","message":"Server online!","timestamp":"2024-01-02 00:38:25"}
{"level":"info","message":"[HTTP]: Client hit endpoint:  \"/\"","timestamp":"2024-01-02 00:38:27"}
{"level":"info","message":"[HTTP]: Client hit endpoint:  \"/uploads\"","timestamp":"2024-01-02 00:38:35"}
{"level":"info","message":"Server online!","timestamp":"2024-01-02 00:38:53"}
{"level":"info","message":"[HTTP]: Client hit endpoint:  \"/\"","timestamp":"2024-01-02 00:38:54"}
{"level":"info","message":"[HTTP]: Client hit endpoint:  \"/uploads\"","timestamp":"2024-01-02 00:39:01"}
{"level":"info","message":"[HTTP]: File uploaded as storage/uploads/market.jpg! ","timestamp":"2024-01-02 00:39:01"}
{"level":"info","message":"Server online!","timestamp":"2024-01-02 00:40:05"}
{"level":"info","message":"[HTTP]: Client hit endpoint:  \"/\"","timestamp":"2024-01-02 00:40:07"}
{"level":"info","message":"[HTTP]: Client hit endpoint:  \"/uploads\"","timestamp":"2024-01-02 00:40:13"}
{"level":"info","message":"[HTTP]: File uploaded as storage/uploads/shop.jpg! ","timestamp":"2024-01-02 00:40:13"}
{"level":"info","message":"[HTTP]: Client hit endpoint:  \"/\"","timestamp":"2024-01-02 00:40:13"}
{"level":"info","message":"[HTTP]: Client hit endpoint:  \"/uploads\"","timestamp":"2024-01-02 00:40:29"}
{"level":"info","message":"[HTTP]: File uploaded as storage/uploads/pier.jpg! ","timestamp":"2024-01-02 00:40:29"}
{"level":"info","message":"[HTTP]: Client hit endpoint:  \"/\"","timestamp":"2024-01-02 00:40:29"}
{"level":"info","message":"[HTTP]: Client hit endpoint:  \"/signin\"","timestamp":"2024-01-02 00:41:00"}
{"level":"info","message":"[HTTP]: Client hit endpoint:  \"/signin\"","timestamp":"2024-01-02 01:00:16"}
{"level":"info","message":"Server online!","timestamp":"2024-01-02 01:01:11"}
{"level":"info","message":"[HTTP]: Client hit endpoint:  \"/\"","timestamp":"2024-01-02 01:01:14"}
{"level":"info","message":"[HTTP]: Client hit endpoint:  \"/login\"","timestamp":"2024-01-02 01:01:18"}
{"level":"info","message":"Server online!","timestamp":"2024-01-02 01:02:09"}
{"level":"info","message":"[HTTP]: Client hit endpoint:  \"/\"","timestamp":"2024-01-02 01:02:10"}
{"level":"info","message":"[HTTP]: Client hit endpoint:  \"/login\"","timestamp":"2024-01-02 01:02:15"}
{"level":"info","message":"[HTTP]: Client hit endpoint:  \"/login\"","timestamp":"2024-01-02 01:02:21"}
{"level":"info","message":"[HTTP]: Client hit endpoint:  \"/login\"","timestamp":"2024-01-02 01:02:53"}
{"level":"info","message":"Server online!","timestamp":"2024-01-02 01:02:57"}
{"level":"info","message":"[HTTP]: Client hit endpoint:  \"/\"","timestamp":"2024-01-02 01:02:58"}
{"level":"info","message":"[HTTP]: Client hit endpoint:  \"/login\"","timestamp":"2024-01-02 01:02:59"}
{"level":"info","message":"[HTTP]: Client hit endpoint:  \"/login\"","timestamp":"2024-01-02 01:03:06"}
{"level":"info","message":"[HTTP]: Client hit endpoint:  \"/login\"","timestamp":"2024-01-02 01:03:06"}
{"level":"info","message":"[HTTP]: Client hit endpoint:  \"/login\"","timestamp":"2024-01-02 01:03:21"}
{"level":"info","message":"[HTTP]: Client hit endpoint:  \"/login\"","timestamp":"2024-01-02 01:03:41"}
{"level":"info","message":"[HTTP]: Client hit endpoint:  \"/login\"","timestamp":"2024-01-02 01:03:59"}
{"level":"info","message":"[HTTP]: Client hit endpoint:  \"/login\"","timestamp":"2024-01-02 01:04:52"}
{"level":"info","message":"[HTTP]: Client hit endpoint:  \"/login\"","timestamp":"2024-01-02 01:05:04"}
{"level":"info","message":"[HTTP]: Client hit endpoint:  \"/login\"","timestamp":"2024-01-02 01:05:12"}
{"level":"info","message":"[HTTP]: Client hit endpoint:  \"/login\"","timestamp":"2024-01-02 01:05:13"}
{"level":"info","message":"[HTTP]: Client hit endpoint:  \"/login\"","timestamp":"2024-01-02 01:05:59"}
{"level":"info","message":"[HTTP]: Client hit endpoint:  \"/login\"","timestamp":"2024-01-02 01:06:51"}
{"level":"info","message":"[HTTP]: Client hit endpoint:  \"/login\"","timestamp":"2024-01-02 01:07:08"}
{"level":"info","message":"[HTTP]: Client hit endpoint:  \"/login\"","timestamp":"2024-01-02 01:07:19"}
{"level":"info","message":"[HTTP]: Client hit endpoint:  \"/login\"","timestamp":"2024-01-02 01:08:46"}
{"level":"info","message":"[HTTP]: Client hit endpoint:  \"/login\"","timestamp":"2024-01-02 01:09:02"}
{"level":"info","message":"[HTTP]: Client hit endpoint:  \"/login\"","timestamp":"2024-01-02 01:09:24"}
{"level":"info","message":"[HTTP]: Client hit endpoint:  \"/login\"","timestamp":"2024-01-02 01:09:37"}
{"level":"info","message":"[HTTP]: Client hit endpoint:  \"/login\"","timestamp":"2024-01-02 01:11:14"}
{"level":"info","message":"[HTTP]: Client hit endpoint:  \"/login\"","timestamp":"2024-01-02 01:11:29"}
{"level":"info","message":"[HTTP]: Client hit endpoint:  \"/login\"","timestamp":"2024-01-02 01:11:46"}
{"level":"info","message":"[HTTP]: Client hit endpoint:  \"/login\"","timestamp":"2024-01-02 01:12:16"}
{"level":"info","message":"[HTTP]: Client hit endpoint:  \"/login\"","timestamp":"2024-01-02 01:12:23"}
{"level":"info","message":"[HTTP]: Client hit endpoint:  \"/login\"","timestamp":"2024-01-02 01:12:41"}
{"level":"info","message":"[HTTP]: Client hit endpoint:  \"/login\"","timestamp":"2024-01-02 01:12:50"}
{"level":"info","message":"[HTTP]: Client hit endpoint:  \"/login\"","timestamp":"2024-01-02 01:12:57"}
{"level":"info","message":"[HTTP]: Client hit endpoint:  \"/login\"","timestamp":"2024-01-02 01:13:54"}
{"level":"info","message":"[HTTP]: Client hit endpoint:  \"/login\"","timestamp":"2024-01-02 01:15:01"}
{"level":"info","message":"[HTTP]: Client hit endpoint:  \"/login\"","timestamp":"2024-01-02 01:15:25"}
{"level":"info","message":"[HTTP]: Client hit endpoint:  \"/login\"","timestamp":"2024-01-02 01:15:39"}
{"level":"info","message":"[HTTP]: Client hit endpoint:  \"/login\"","timestamp":"2024-01-02 01:17:10"}
{"level":"info","message":"[HTTP]: Client hit endpoint:  \"/login\"","timestamp":"2024-01-02 01:17:26"}
{"level":"info","message":"[HTTP]: Client hit endpoint:  \"/login\"","timestamp":"2024-01-02 01:17:40"}
{"level":"info","message":"[HTTP]: Client hit endpoint:  \"/login\"","timestamp":"2024-01-02 01:17:53"}
{"level":"info","message":"[HTTP]: Client hit endpoint:  \"/login\"","timestamp":"2024-01-02 01:18:08"}
{"level":"info","message":"[HTTP]: Client hit endpoint:  \"/login\"","timestamp":"2024-01-02 01:18:36"}
{"level":"info","message":"[HTTP]: Client hit endpoint:  \"/login\"","timestamp":"2024-01-02 01:18:43"}
{"level":"info","message":"[HTTP]: Client hit endpoint:  \"/login\"","timestamp":"2024-01-02 01:19:19"}
{"level":"info","message":"[HTTP]: Client hit endpoint:  \"/login\"","timestamp":"2024-01-02 01:19:39"}
{"level":"info","message":"[HTTP]: Client hit endpoint:  \"/login\"","timestamp":"2024-01-02 01:19:46"}
{"level":"info","message":"[HTTP]: Client hit endpoint:  \"/login\"","timestamp":"2024-01-02 01:19:54"}
{"level":"info","message":"[HTTP]: Client hit endpoint:  \"/login\"","timestamp":"2024-01-02 01:20:34"}
{"level":"info","message":"[HTTP]: Client hit endpoint:  \"/login\"","timestamp":"2024-01-02 01:20:44"}
{"level":"info","message":"[HTTP]: Client hit endpoint:  \"/login\"","timestamp":"2024-01-02 01:21:08"}
{"level":"info","message":"[HTTP]: Client hit endpoint:  \"/login\"","timestamp":"2024-01-02 01:21:27"}
{"level":"info","message":"[HTTP]: Client hit endpoint:  \"/login\"","timestamp":"2024-01-02 01:21:38"}
{"level":"info","message":"[HTTP]: Client hit endpoint:  \"/login\"","timestamp":"2024-01-02 01:21:46"}
{"level":"info","message":"[HTTP]: Client hit endpoint:  \"/login\"","timestamp":"2024-01-02 01:21:53"}
{"level":"info","message":"[HTTP]: Client hit endpoint:  \"/login\"","timestamp":"2024-01-02 01:22:05"}
{"level":"info","message":"Server online!","timestamp":"2024-01-02 15:16:26"}
{"level":"info","message":"[HTTP]: Client hit endpoint:  \"/\"","timestamp":"2024-01-02 15:16:27"}
{"level":"info","message":"[HTTP]: Client hit endpoint:  \"/login\"","timestamp":"2024-01-02 15:16:30"}
{"level":"info","message":"[HTTP]: Client hit endpoint:  \"/login\"","timestamp":"2024-01-02 15:17:15"}
{"level":"info","message":"[HTTP]: Client hit endpoint:  \"/login\"","timestamp":"2024-01-02 15:17:38"}
{"level":"info","message":"[HTTP]: Client hit endpoint:  \"/login\"","timestamp":"2024-01-02 15:17:52"}
{"level":"info","message":"[HTTP]: Client hit endpoint:  \"/signup\"","timestamp":"2024-01-02 15:17:56"}
{"level":"info","message":"[HTTP]: Client hit endpoint:  \"/signup\"","timestamp":"2024-01-02 15:18:48"}
{"level":"info","message":"[HTTP]: Client hit endpoint:  \"/signup\"","timestamp":"2024-01-02 15:18:54"}
{"level":"info","message":"[HTTP]: Client hit endpoint:  \"/signup\"","timestamp":"2024-01-02 15:19:15"}
{"level":"info","message":"[HTTP]: Client hit endpoint:  \"/signup\"","timestamp":"2024-01-02 15:19:31"}
{"level":"info","message":"[HTTP]: Client hit endpoint:  \"/signup\"","timestamp":"2024-01-02 15:20:24"}
{"level":"info","message":"[HTTP]: Client hit endpoint:  \"/signup\"","timestamp":"2024-01-02 15:20:42"}
{"level":"info","message":"[HTTP]: Client hit endpoint:  \"/signup\"","timestamp":"2024-01-02 15:21:14"}
{"level":"info","message":"[HTTP]: Client hit endpoint:  \"/signup\"","timestamp":"2024-01-02 15:21:44"}
{"level":"info","message":"[HTTP]: Client hit endpoint:  \"/login\"","timestamp":"2024-01-02 15:21:46"}
{"level":"info","message":"[HTTP]: Client hit endpoint:  \"/signup\"","timestamp":"2024-01-02 15:21:53"}
{"level":"info","message":"[HTTP]: Client hit endpoint:  \"/search\"","timestamp":"2024-01-02 15:22:17"}
{"level":"info","message":"[HTTP]: Client hit endpoint:  \"/login\"","timestamp":"2024-01-02 16:30:52"}
{"level":"info","message":"[HTTP]: Client hit endpoint:  \"/signup\"","timestamp":"2024-01-02 16:30:55"}
{"level":"info","message":"[HTTP]: Client hit endpoint:  \"/login\"","timestamp":"2024-01-02 16:30:59"}
{"level":"info","message":"[HTTP]: Client hit endpoint:  \"/signup\"","timestamp":"2024-01-02 16:31:01"}
{"level":"info","message":"[HTTP]: Client hit endpoint:  \"/login\"","timestamp":"2024-01-02 16:31:02"}
{"level":"info","message":"[HTTP]: Client hit endpoint:  \"/signup\"","timestamp":"2024-01-02 16:31:04"}
{"level":"info","message":"[HTTP]: Client hit endpoint:  \"/login\"","timestamp":"2024-01-02 16:31:05"}
{"level":"info","message":"[HTTP]: Client hit endpoint:  \"/signup\"","timestamp":"2024-01-02 16:31:06"}
{"level":"info","message":"[HTTP]: Client hit endpoint:  \"/login\"","timestamp":"2024-01-02 16:31:09"}
{"level":"info","message":"[HTTP]: Client hit endpoint:  \"/search\"","timestamp":"2024-01-02 16:31:13"}
{"level":"info","message":"[HTTP]: Client hit endpoint:  \"/\"","timestamp":"2024-01-02 16:31:14"}
{"level":"info","message":"[HTTP]: Client hit endpoint:  \"/search\"","timestamp":"2024-01-02 16:31:16"}
{"level":"info","message":"[HTTP]: Client hit endpoint:  \"/\"","timestamp":"2024-01-02 16:31:18"}
{"level":"info","message":"[HTTP]: Client hit endpoint:  \"/search\"","timestamp":"2024-01-02 16:31:19"}
{"level":"info","message":"[HTTP]: Client hit endpoint:  \"/\"","timestamp":"2024-01-02 16:31:19"}
{"level":"info","message":"[HTTP]: Client hit endpoint:  \"/search\"","timestamp":"2024-01-02 16:46:23"}
{"level":"info","message":"Server online!","timestamp":"2024-01-02 17:57:29"}
{"level":"info","message":"[HTTP]: Client hit endpoint:  \"/\"","timestamp":"2024-01-02 17:57:33"}
{"level":"info","message":"[HTTP]: Client hit endpoint:  \"/\"","timestamp":"2024-01-02 17:57:33"}
{"level":"info","message":"[HTTP]: Client hit endpoint:  \"/\"","timestamp":"2024-01-02 17:58:57"}
{"level":"info","message":"[HTTP]: Client hit endpoint:  \"/\"","timestamp":"2024-01-02 17:59:43"}
{"level":"info","message":"[HTTP]: Client hit endpoint:  \"/\"","timestamp":"2024-01-02 17:59:59"}
{"level":"info","message":"[HTTP]: Client hit endpoint:  \"/\"","timestamp":"2024-01-02 18:00:07"}
{"level":"info","message":"[HTTP]: Client hit endpoint:  \"/\"","timestamp":"2024-01-02 18:00:15"}
{"level":"info","message":"Server online!","timestamp":"2024-01-02 18:04:04"}
{"level":"info","message":"[HTTP]: Client hit endpoint:  \"/\"","timestamp":"2024-01-02 18:04:06"}
{"level":"info","message":"Server online!","timestamp":"2024-01-02 18:04:57"}
{"level":"info","message":"[HTTP]: Client hit endpoint:  \"/\"","timestamp":"2024-01-02 18:04:58"}
{"level":"info","message":"[HTTP]: Client hit endpoint:  \"/upload\"","timestamp":"2024-01-02 18:05:00"}
{"level":"info","message":"[HTTP]: Client hit endpoint:  \"/login\"","timestamp":"2024-01-02 18:05:03"}
{"level":"info","message":"[HTTP]: Client hit endpoint:  \"/login\"","timestamp":"2024-01-02 18:05:05"}
{"level":"info","message":"[HTTP]: Client hit endpoint:  \"/signup\"","timestamp":"2024-01-02 18:05:06"}
{"level":"info","message":"[HTTP]: Client hit endpoint:  \"/signup\"","timestamp":"2024-01-02 18:05:21"}
{"level":"info","message":"Server online!","timestamp":"2024-01-02 18:09:44"}
{"level":"info","message":"[HTTP]: Client hit endpoint:  \"/\"","timestamp":"2024-01-02 18:09:46"}
{"level":"info","message":"[HTTP]: Client hit endpoint:  \"/login\"","timestamp":"2024-01-02 18:09:48"}
{"level":"info","message":"[HTTP]: Client hit endpoint:  \"/signup\"","timestamp":"2024-01-02 18:09:51"}
{"level":"info","message":"[HTTP]: Client hit endpoint:  \"/signup\"","timestamp":"2024-01-02 18:10:10"}
{"level":"info","message":"Server online!","timestamp":"2024-01-02 18:10:55"}
{"level":"info","message":"[HTTP]: Client hit endpoint:  \"/\"","timestamp":"2024-01-02 18:10:57"}
{"level":"info","message":"[HTTP]: Client hit endpoint:  \"/login\"","timestamp":"2024-01-02 18:10:58"}
{"level":"info","message":"[HTTP]: Client hit endpoint:  \"/signup\"","timestamp":"2024-01-02 18:10:59"}
{"level":"info","message":"[HTTP]: Client hit endpoint:  \"/signup\"","timestamp":"2024-01-02 18:11:11"}
{"level":"info","message":"Server online!","timestamp":"2024-01-02 18:14:47"}
{"level":"info","message":"[HTTP]: Client hit endpoint:  \"/\"","timestamp":"2024-01-02 18:14:50"}
{"level":"info","message":"[HTTP]: Client hit endpoint:  \"/\"","timestamp":"2024-01-02 18:14:51"}
{"level":"info","message":"[HTTP]: Client hit endpoint:  \"/login\"","timestamp":"2024-01-02 18:14:59"}
{"level":"info","message":"[HTTP]: Client hit endpoint:  \"/signup\"","timestamp":"2024-01-02 18:15:01"}
{"level":"info","message":"[HTTP]: Client hit endpoint:  \"/signup\"","timestamp":"2024-01-02 18:15:15"}
{"level":"info","message":"Server online!","timestamp":"2024-01-02 18:16:46"}
{"level":"info","message":"[HTTP]: Client hit endpoint:  \"/\"","timestamp":"2024-01-02 18:16:47"}
{"level":"info","message":"[HTTP]: Client hit endpoint:  \"/upload\"","timestamp":"2024-01-02 18:16:49"}
{"level":"info","message":"[HTTP]: Client hit endpoint:  \"/login\"","timestamp":"2024-01-02 18:16:51"}
{"level":"info","message":"[HTTP]: Client hit endpoint:  \"/signup\"","timestamp":"2024-01-02 18:16:52"}
{"level":"info","message":"[HTTP]: Client hit endpoint:  \"/signup\"","timestamp":"2024-01-02 18:17:02"}
{"level":"info","message":"Server online!","timestamp":"2024-01-02 18:17:35"}
{"level":"info","message":"[HTTP]: Client hit endpoint:  \"/\"","timestamp":"2024-01-02 18:17:37"}
{"level":"info","message":"[HTTP]: Client hit endpoint:  \"/login\"","timestamp":"2024-01-02 18:17:40"}
{"level":"info","message":"[HTTP]: Client hit endpoint:  \"/signup\"","timestamp":"2024-01-02 18:17:41"}
{"level":"info","message":"[HTTP]: Client hit endpoint:  \"/signup\"","timestamp":"2024-01-02 18:17:51"}
{"level":"info","message":"Server online!","timestamp":"2024-01-02 18:30:49"}
{"level":"info","message":"[HTTP]: Client hit endpoint:  \"/\"","timestamp":"2024-01-02 18:30:51"}
{"level":"info","message":"[HTTP]: Client hit endpoint:  \"/login\"","timestamp":"2024-01-02 18:30:54"}
{"level":"info","message":"[HTTP]: Client hit endpoint:  \"/signup\"","timestamp":"2024-01-02 18:30:56"}
{"level":"info","message":"[HTTP]: Client hit endpoint:  \"/signup\"","timestamp":"2024-01-02 18:31:06"}
{"level":"info","message":"Server online!","timestamp":"2024-01-02 18:31:51"}
{"level":"info","message":"[HTTP]: Client hit endpoint:  \"/\"","timestamp":"2024-01-02 18:31:52"}
{"level":"info","message":"[HTTP]: Client hit endpoint:  \"/login\"","timestamp":"2024-01-02 18:31:55"}
{"level":"info","message":"[HTTP]: Client hit endpoint:  \"/signup\"","timestamp":"2024-01-02 18:31:56"}
{"level":"info","message":"[HTTP]: Client hit endpoint:  \"/signup\"","timestamp":"2024-01-02 18:32:14"}
{"level":"info","message":"[HTTP]: Client hit endpoint:  \"/signup\"","timestamp":"2024-01-02 18:32:14"}
{"level":"info","message":"Server online!","timestamp":"2024-01-02 19:04:21"}
{"level":"info","message":"[HTTP]: Client hit endpoint:  \"/\"","timestamp":"2024-01-02 19:04:22"}
{"level":"info","message":"[HTTP]: Client hit endpoint:  \"/login\"","timestamp":"2024-01-02 19:04:24"}
{"level":"info","message":"[HTTP]: Client hit endpoint:  \"/signup\"","timestamp":"2024-01-02 19:04:25"}
{"level":"info","message":"[HTTP]: Client hit endpoint:  \"/signup\"","timestamp":"2024-01-02 19:04:40"}
{"level":"info","message":"[HTTP]: Client hit endpoint:  \"/signup\"","timestamp":"2024-01-02 19:04:40"}
{"level":"info","message":"Server online!","timestamp":"2024-01-02 19:07:43"}
{"level":"info","message":"[HTTP]: Client hit endpoint:  \"/\"","timestamp":"2024-01-02 19:07:46"}
{"level":"info","message":"[HTTP]: Client hit endpoint:  \"/upload\"","timestamp":"2024-01-02 19:07:48"}
{"level":"info","message":"[HTTP]: Client hit endpoint:  \"/search\"","timestamp":"2024-01-02 19:07:49"}
{"level":"info","message":"[HTTP]: Client hit endpoint:  \"/upload\"","timestamp":"2024-01-02 19:07:50"}
{"level":"info","message":"Server online!","timestamp":"2024-01-02 19:23:01"}
{"level":"info","message":"[HTTP]: Client hit endpoint:  \"/\"","timestamp":"2024-01-02 19:23:05"}
{"level":"info","message":"[HTTP]: Client hit endpoint:  \"/\"","timestamp":"2024-01-02 19:23:34"}
{"level":"info","message":"[HTTP]: Client hit endpoint:  \"/\"","timestamp":"2024-01-02 19:23:52"}
{"level":"info","message":"[HTTP]: Client hit endpoint:  \"/\"","timestamp":"2024-01-02 19:24:25"}
{"level":"info","message":"[HTTP]: Client hit endpoint:  \"/\"","timestamp":"2024-01-02 19:24:39"}
{"level":"info","message":"[HTTP]: Client hit endpoint:  \"/post\"","timestamp":"2024-01-02 19:24:46"}
{"level":"info","message":"[HTTP]: Client hit endpoint:  \"/post\"","timestamp":"2024-01-02 19:27:36"}
{"level":"info","message":"[HTTP]: Client hit endpoint:  \"/post\"","timestamp":"2024-01-02 19:27:52"}
{"level":"info","message":"[HTTP]: Client hit endpoint:  \"/post\"","timestamp":"2024-01-02 19:28:04"}
{"level":"info","message":"[HTTP]: Client hit endpoint:  \"/post\"","timestamp":"2024-01-02 19:28:11"}
{"level":"info","message":"[HTTP]: Client hit endpoint:  \"/post\"","timestamp":"2024-01-02 19:28:44"}
{"level":"info","message":"[HTTP]: Client hit endpoint:  \"/post\"","timestamp":"2024-01-02 19:29:05"}
{"level":"info","message":"[HTTP]: Client hit endpoint:  \"/post\"","timestamp":"2024-01-02 19:29:32"}
{"level":"info","message":"[HTTP]: Client hit endpoint:  \"/post\"","timestamp":"2024-01-02 19:29:42"}
{"level":"info","message":"[HTTP]: Client hit endpoint:  \"/post\"","timestamp":"2024-01-02 19:30:29"}
{"level":"info","message":"[HTTP]: Client hit endpoint:  \"/post\"","timestamp":"2024-01-02 19:31:23"}
{"level":"info","message":"[HTTP]: Client hit endpoint:  \"/post\"","timestamp":"2024-01-02 19:32:48"}
{"level":"info","message":"[HTTP]: Client hit endpoint:  \"/post\"","timestamp":"2024-01-02 19:33:29"}
{"level":"info","message":"[HTTP]: Client hit endpoint:  \"/post\"","timestamp":"2024-01-02 19:33:45"}
{"level":"info","message":"[HTTP]: Client hit endpoint:  \"/post\"","timestamp":"2024-01-02 19:34:42"}
{"level":"info","message":"[HTTP]: Client hit endpoint:  \"/post\"","timestamp":"2024-01-02 19:35:08"}
